{"C:\\dev\\note-de-frais\\server\\src\\app.controller.ts": {"path":"C:\\dev\\note-de-frais\\server\\src\\app.controller.ts","statementMap":{"0":{"start":{"line":1,"column":0},"end":{"line":1,"column":49}},"1":{"start":{"line":2,"column":0},"end":{"line":2,"column":43}},"2":{"start":{"line":5,"column":7},"end":{"line":12,"column":null}},"3":{"start":{"line":6,"column":31},"end":{"line":6,"column":43}},"4":{"start":{"line":10,"column":4},"end":{"line":10,"column":38}},"5":{"start":{"line":5,"column":13},"end":{"line":5,"column":26}},"6":{"start":{"line":9,"column":2},"end":{"line":11,"column":null}},"7":{"start":{"line":5,"column":13},"end":{"line":12,"column":null}}},"fnMap":{"0":{"name":"(anonymous_2)","decl":{"start":{"line":6,"column":2},"end":{"line":6,"column":31}},"loc":{"start":{"line":6,"column":53},"end":{"line":6,"column":57}}},"1":{"name":"(anonymous_3)","decl":{"start":{"line":9,"column":2},"end":{"line":9,"column":10}},"loc":{"start":{"line":9,"column":10},"end":{"line":11,"column":3}}}},"branchMap":{"0":{"loc":{"start":{"line":6,"column":43},"end":{"line":6,"column":56}},"type":"cond-expr","locations":[{"start":{"line":6,"column":53},"end":{"line":6,"column":56}},{"start":{"line":6,"column":53},"end":{"line":6,"column":56}}]},"1":{"loc":{"start":{"line":6,"column":43},"end":{"line":6,"column":53}},"type":"binary-expr","locations":[{"start":{"line":6,"column":43},"end":{"line":6,"column":56}},{"start":{"line":6,"column":43},"end":{"line":6,"column":53}}]}},"s":{"0":1,"1":1,"2":1,"3":1,"4":1,"5":1,"6":1,"7":1},"f":{"0":1,"1":1},"b":{"0":[1,0],"1":[1,1]}}
,"C:\\dev\\note-de-frais\\server\\src\\app.service.ts": {"path":"C:\\dev\\note-de-frais\\server\\src\\app.service.ts","statementMap":{"0":{"start":{"line":1,"column":0},"end":{"line":1,"column":44}},"1":{"start":{"line":4,"column":7},"end":{"line":8,"column":null}},"2":{"start":{"line":6,"column":4},"end":{"line":6,"column":26}},"3":{"start":{"line":4,"column":13},"end":{"line":4,"column":23}},"4":{"start":{"line":4,"column":13},"end":{"line":8,"column":null}}},"fnMap":{"0":{"name":"(anonymous_1)","decl":{"start":{"line":5,"column":2},"end":{"line":5,"column":10}},"loc":{"start":{"line":5,"column":10},"end":{"line":7,"column":3}}}},"branchMap":{},"s":{"0":1,"1":1,"2":1,"3":1,"4":1},"f":{"0":1},"b":{}}
,"C:\\dev\\note-de-frais\\server\\src\\auth\\auth.controller.ts": {"path":"C:\\dev\\note-de-frais\\server\\src\\auth\\auth.controller.ts","statementMap":{"0":{"start":{"line":1,"column":0},"end":{"line":1,"column":79}},"1":{"start":{"line":2,"column":0},"end":{"line":2,"column":57}},"2":{"start":{"line":5,"column":7},"end":{"line":33,"column":null}},"3":{"start":{"line":6,"column":22},"end":{"line":6,"column":30}},"4":{"start":{"line":11,"column":15},"end":{"line":13,"column":6}},"5":{"start":{"line":15,"column":4},"end":{"line":24,"column":5}},"6":{"start":{"line":17,"column":6},"end":{"line":23,"column":9}},"7":{"start":{"line":26,"column":4},"end":{"line":31,"column":6}},"8":{"start":{"line":5,"column":13},"end":{"line":5,"column":27}},"9":{"start":{"line":9,"column":8},"end":{"line":32,"column":null}},"10":{"start":{"line":5,"column":13},"end":{"line":33,"column":null}}},"fnMap":{"0":{"name":"(anonymous_4)","decl":{"start":{"line":6,"column":2},"end":{"line":6,"column":22}},"loc":{"start":{"line":6,"column":43},"end":{"line":6,"column":47}}},"1":{"name":"(anonymous_5)","decl":{"start":{"line":9,"column":8},"end":{"line":9,"column":13}},"loc":{"start":{"line":9,"column":45},"end":{"line":32,"column":3}}}},"branchMap":{"0":{"loc":{"start":{"line":15,"column":4},"end":{"line":24,"column":5}},"type":"if","locations":[{"start":{"line":15,"column":4},"end":{"line":24,"column":5}},{"start":{},"end":{}}]},"1":{"loc":{"start":{"line":6,"column":30},"end":{"line":6,"column":46}},"type":"cond-expr","locations":[{"start":{"line":6,"column":43},"end":{"line":6,"column":46}},{"start":{"line":6,"column":43},"end":{"line":6,"column":46}}]},"2":{"loc":{"start":{"line":6,"column":30},"end":{"line":6,"column":43}},"type":"binary-expr","locations":[{"start":{"line":6,"column":30},"end":{"line":6,"column":46}},{"start":{"line":6,"column":30},"end":{"line":6,"column":43}}]}},"s":{"0":1,"1":1,"2":1,"3":8,"4":9,"5":9,"6":3,"7":9,"8":1,"9":1,"10":1},"f":{"0":8,"1":9},"b":{"0":[3,6],"1":[1,0],"2":[1,1]}}
,"C:\\dev\\note-de-frais\\server\\src\\expenses\\expenses.controller.ts": {"path":"C:\\dev\\note-de-frais\\server\\src\\expenses\\expenses.controller.ts","statementMap":{"0":{"start":{"line":1,"column":0},"end":{"line":1,"column":null}},"1":{"start":{"line":15,"column":0},"end":{"line":15,"column":53}},"2":{"start":{"line":16,"column":0},"end":{"line":16,"column":59}},"3":{"start":{"line":17,"column":0},"end":{"line":17,"column":37}},"4":{"start":{"line":18,"column":0},"end":{"line":18,"column":36}},"5":{"start":{"line":19,"column":0},"end":{"line":19,"column":31}},"6":{"start":{"line":20,"column":0},"end":{"line":20,"column":57}},"7":{"start":{"line":23,"column":7},"end":{"line":163,"column":null}},"8":{"start":{"line":25,"column":21},"end":{"line":25,"column":38}},"9":{"start":{"line":26,"column":21},"end":{"line":26,"column":36}},"10":{"start":{"line":51,"column":4},"end":{"line":53,"column":5}},"11":{"start":{"line":52,"column":6},"end":{"line":52,"column":64}},"12":{"start":{"line":55,"column":19},"end":{"line":55,"column":69}},"13":{"start":{"line":57,"column":4},"end":{"line":60,"column":6}},"14":{"start":{"line":65,"column":16},"end":{"line":65,"column":58}},"15":{"start":{"line":66,"column":4},"end":{"line":68,"column":5}},"16":{"start":{"line":67,"column":6},"end":{"line":67,"column":61}},"17":{"start":{"line":69,"column":4},"end":{"line":69,"column":45}},"18":{"start":{"line":98,"column":4},"end":{"line":100,"column":5}},"19":{"start":{"line":99,"column":6},"end":{"line":99,"column":61}},"20":{"start":{"line":102,"column":26},"end":{"line":102,"column":72}},"21":{"start":{"line":104,"column":4},"end":{"line":111,"column":7}},"22":{"start":{"line":116,"column":4},"end":{"line":118,"column":5}},"23":{"start":{"line":117,"column":6},"end":{"line":117,"column":61}},"24":{"start":{"line":119,"column":4},"end":{"line":119,"column":51}},"25":{"start":{"line":124,"column":4},"end":{"line":126,"column":5}},"26":{"start":{"line":125,"column":6},"end":{"line":125,"column":61}},"27":{"start":{"line":127,"column":4},"end":{"line":127,"column":51}},"28":{"start":{"line":135,"column":4},"end":{"line":137,"column":5}},"29":{"start":{"line":136,"column":6},"end":{"line":136,"column":58}},"30":{"start":{"line":138,"column":4},"end":{"line":138,"column":60}},"31":{"start":{"line":155,"column":4},"end":{"line":157,"column":5}},"32":{"start":{"line":156,"column":6},"end":{"line":156,"column":61}},"33":{"start":{"line":159,"column":38},"end":{"line":159,"column":42}},"34":{"start":{"line":161,"column":4},"end":{"line":161,"column":63}},"35":{"start":{"line":23,"column":13},"end":{"line":23,"column":31}},"36":{"start":{"line":50,"column":8},"end":{"line":61,"column":null}},"37":{"start":{"line":35,"column":29},"end":{"line":35,"column":37}},"38":{"start":{"line":36,"column":10},"end":{"line":36,"column":65}},"39":{"start":{"line":40,"column":8},"end":{"line":42,"column":9}},"40":{"start":{"line":41,"column":10},"end":{"line":41,"column":71}},"41":{"start":{"line":43,"column":8},"end":{"line":43,"column":23}},"42":{"start":{"line":64,"column":8},"end":{"line":70,"column":null}},"43":{"start":{"line":93,"column":8},"end":{"line":112,"column":null}},"44":{"start":{"line":78,"column":29},"end":{"line":78,"column":37}},"45":{"start":{"line":79,"column":10},"end":{"line":79,"column":65}},"46":{"start":{"line":83,"column":8},"end":{"line":85,"column":9}},"47":{"start":{"line":84,"column":10},"end":{"line":84,"column":71}},"48":{"start":{"line":86,"column":8},"end":{"line":86,"column":23}},"49":{"start":{"line":115,"column":8},"end":{"line":120,"column":null}},"50":{"start":{"line":123,"column":8},"end":{"line":128,"column":null}},"51":{"start":{"line":131,"column":8},"end":{"line":139,"column":null}},"52":{"start":{"line":142,"column":8},"end":{"line":162,"column":null}},"53":{"start":{"line":23,"column":13},"end":{"line":163,"column":null}}},"fnMap":{"0":{"name":"(anonymous_4)","decl":{"start":{"line":24,"column":2},"end":{"line":24,"column":null}},"loc":{"start":{"line":26,"column":49},"end":{"line":27,"column":7}}},"1":{"name":"(anonymous_5)","decl":{"start":{"line":50,"column":8},"end":{"line":50,"column":15}},"loc":{"start":{"line":50,"column":57},"end":{"line":61,"column":3}}},"2":{"name":"(anonymous_6)","decl":{"start":{"line":64,"column":8},"end":{"line":64,"column":15}},"loc":{"start":{"line":64,"column":58},"end":{"line":70,"column":3}}},"3":{"name":"(anonymous_7)","decl":{"start":{"line":93,"column":8},"end":{"line":93,"column":14}},"loc":{"start":{"line":96,"column":107},"end":{"line":112,"column":3}}},"4":{"name":"(anonymous_8)","decl":{"start":{"line":115,"column":8},"end":{"line":115,"column":14}},"loc":{"start":{"line":115,"column":71},"end":{"line":120,"column":3}}},"5":{"name":"(anonymous_9)","decl":{"start":{"line":123,"column":8},"end":{"line":123,"column":14}},"loc":{"start":{"line":123,"column":70},"end":{"line":128,"column":3}}},"6":{"name":"(anonymous_10)","decl":{"start":{"line":131,"column":8},"end":{"line":131,"column":23}},"loc":{"start":{"line":133,"column":34},"end":{"line":139,"column":3}}},"7":{"name":"(anonymous_11)","decl":{"start":{"line":142,"column":8},"end":{"line":142,"column":14}},"loc":{"start":{"line":153,"column":5},"end":{"line":162,"column":3}}},"8":{"name":"(anonymous_12)","decl":{"start":{"line":34,"column":18},"end":{"line":34,"column":19}},"loc":{"start":{"line":34,"column":36},"end":{"line":37,"column":9}}},"9":{"name":"(anonymous_13)","decl":{"start":{"line":39,"column":18},"end":{"line":39,"column":19}},"loc":{"start":{"line":39,"column":36},"end":{"line":44,"column":7}}},"10":{"name":"(anonymous_14)","decl":{"start":{"line":77,"column":18},"end":{"line":77,"column":19}},"loc":{"start":{"line":77,"column":36},"end":{"line":80,"column":9}}},"11":{"name":"(anonymous_15)","decl":{"start":{"line":82,"column":18},"end":{"line":82,"column":19}},"loc":{"start":{"line":82,"column":36},"end":{"line":87,"column":7}}}},"branchMap":{"0":{"loc":{"start":{"line":51,"column":4},"end":{"line":53,"column":5}},"type":"if","locations":[{"start":{"line":51,"column":4},"end":{"line":53,"column":5}},{"start":{},"end":{}}]},"1":{"loc":{"start":{"line":65,"column":16},"end":{"line":65,"column":58}},"type":"cond-expr","locations":[{"start":{"line":65,"column":40},"end":{"line":65,"column":49}},{"start":{"line":65,"column":52},"end":{"line":65,"column":58}}]},"2":{"loc":{"start":{"line":66,"column":4},"end":{"line":68,"column":5}},"type":"if","locations":[{"start":{"line":66,"column":4},"end":{"line":68,"column":5}},{"start":{},"end":{}}]},"3":{"loc":{"start":{"line":98,"column":4},"end":{"line":100,"column":5}},"type":"if","locations":[{"start":{"line":98,"column":4},"end":{"line":100,"column":5}},{"start":{},"end":{}}]},"4":{"loc":{"start":{"line":102,"column":26},"end":{"line":102,"column":72}},"type":"cond-expr","locations":[{"start":{"line":102,"column":33},"end":{"line":102,"column":60}},{"start":{"line":102,"column":63},"end":{"line":102,"column":72}}]},"5":{"loc":{"start":{"line":116,"column":4},"end":{"line":118,"column":5}},"type":"if","locations":[{"start":{"line":116,"column":4},"end":{"line":118,"column":5}},{"start":{},"end":{}}]},"6":{"loc":{"start":{"line":124,"column":4},"end":{"line":126,"column":5}},"type":"if","locations":[{"start":{"line":124,"column":4},"end":{"line":126,"column":5}},{"start":{},"end":{}}]},"7":{"loc":{"start":{"line":135,"column":4},"end":{"line":137,"column":5}},"type":"if","locations":[{"start":{"line":135,"column":4},"end":{"line":137,"column":5}},{"start":{},"end":{}}]},"8":{"loc":{"start":{"line":155,"column":4},"end":{"line":157,"column":5}},"type":"if","locations":[{"start":{"line":155,"column":4},"end":{"line":157,"column":5}},{"start":{},"end":{}}]},"9":{"loc":{"start":{"line":40,"column":8},"end":{"line":42,"column":9}},"type":"if","locations":[{"start":{"line":40,"column":8},"end":{"line":42,"column":9}},{"start":{},"end":{}}]},"10":{"loc":{"start":{"line":50,"column":38},"end":{"line":50,"column":null}},"type":"cond-expr","locations":[{"start":{"line":50,"column":57},"end":{"line":50,"column":null}},{"start":{"line":50,"column":57},"end":{"line":50,"column":null}}]},"11":{"loc":{"start":{"line":50,"column":38},"end":{"line":50,"column":57}},"type":"binary-expr","locations":[{"start":{"line":50,"column":38},"end":{"line":50,"column":46}},{"start":{"line":50,"column":45},"end":{"line":50,"column":53}},{"start":{"line":50,"column":52},"end":{"line":50,"column":57}}]},"12":{"loc":{"start":{"line":83,"column":8},"end":{"line":85,"column":9}},"type":"if","locations":[{"start":{"line":83,"column":8},"end":{"line":85,"column":9}},{"start":{},"end":{}}]},"13":{"loc":{"start":{"line":94,"column":26},"end":{"line":94,"column":null}},"type":"cond-expr","locations":[{"start":{"line":94,"column":45},"end":{"line":94,"column":null}},{"start":{"line":94,"column":45},"end":{"line":94,"column":null}}]},"14":{"loc":{"start":{"line":94,"column":26},"end":{"line":94,"column":45}},"type":"binary-expr","locations":[{"start":{"line":94,"column":26},"end":{"line":94,"column":34}},{"start":{"line":94,"column":33},"end":{"line":94,"column":41}},{"start":{"line":94,"column":40},"end":{"line":94,"column":45}}]},"15":{"loc":{"start":{"line":25,"column":38},"end":{"line":25,"column":null}},"type":"cond-expr","locations":[{"start":{"line":25,"column":53},"end":{"line":25,"column":null}},{"start":{"line":25,"column":53},"end":{"line":25,"column":null}}]},"16":{"loc":{"start":{"line":25,"column":38},"end":{"line":25,"column":53}},"type":"binary-expr","locations":[{"start":{"line":25,"column":38},"end":{"line":25,"column":null}},{"start":{"line":25,"column":38},"end":{"line":25,"column":53}}]},"17":{"loc":{"start":{"line":25,"column":53},"end":{"line":26,"column":null}},"type":"cond-expr","locations":[{"start":{"line":26,"column":49},"end":{"line":26,"column":null}},{"start":{"line":26,"column":49},"end":{"line":26,"column":null}}]},"18":{"loc":{"start":{"line":25,"column":53},"end":{"line":26,"column":49}},"type":"binary-expr","locations":[{"start":{"line":25,"column":53},"end":{"line":26,"column":null}},{"start":{"line":26,"column":36},"end":{"line":26,"column":49}}]}},"s":{"0":1,"1":1,"2":1,"3":1,"4":1,"5":1,"6":1,"7":1,"8":17,"9":17,"10":2,"11":1,"12":1,"13":1,"14":3,"15":3,"16":1,"17":2,"18":3,"19":1,"20":2,"21":2,"22":2,"23":1,"24":1,"25":2,"26":1,"27":1,"28":2,"29":1,"30":1,"31":2,"32":1,"33":1,"34":1,"35":1,"36":1,"37":0,"38":0,"39":0,"40":0,"41":0,"42":1,"43":1,"44":0,"45":0,"46":0,"47":0,"48":0,"49":1,"50":1,"51":1,"52":1,"53":1},"f":{"0":17,"1":2,"2":3,"3":3,"4":2,"5":2,"6":2,"7":2,"8":0,"9":0,"10":0,"11":0},"b":{"0":[1,1],"1":[1,2],"2":[1,2],"3":[1,2],"4":[1,1],"5":[1,1],"6":[1,1],"7":[1,1],"8":[1,1],"9":[0,0],"10":[0,1],"11":[1,0,0],"12":[0,0],"13":[0,1],"14":[1,0,0],"15":[1,0],"16":[1,1],"17":[1,0],"18":[1,1]}}
,"C:\\dev\\note-de-frais\\server\\src\\expenses\\expenses.service.ts": {"path":"C:\\dev\\note-de-frais\\server\\src\\expenses\\expenses.service.ts","statementMap":{"0":{"start":{"line":1,"column":0},"end":{"line":1,"column":44}},"1":{"start":{"line":2,"column":0},"end":{"line":2,"column":57}},"2":{"start":{"line":5,"column":7},"end":{"line":143,"column":null}},"3":{"start":{"line":6,"column":22},"end":{"line":6,"column":30}},"4":{"start":{"line":9,"column":4},"end":{"line":11,"column":7}},"5":{"start":{"line":15,"column":20},"end":{"line":17,"column":6}},"6":{"start":{"line":19,"column":4},"end":{"line":21,"column":5}},"7":{"start":{"line":20,"column":6},"end":{"line":20,"column":59}},"8":{"start":{"line":24,"column":4},"end":{"line":30,"column":5}},"9":{"start":{"line":29,"column":6},"end":{"line":29,"column":92}},"10":{"start":{"line":32,"column":4},"end":{"line":34,"column":7}},"11":{"start":{"line":46,"column":25},"end":{"line":46,"column":47}},"12":{"start":{"line":47,"column":4},"end":{"line":49,"column":5}},"13":{"start":{"line":48,"column":6},"end":{"line":48,"column":83}},"14":{"start":{"line":51,"column":4},"end":{"line":60,"column":7}},"15":{"start":{"line":75,"column":20},"end":{"line":77,"column":6}},"16":{"start":{"line":79,"column":4},"end":{"line":81,"column":5}},"17":{"start":{"line":80,"column":6},"end":{"line":80,"column":59}},"18":{"start":{"line":83,"column":4},"end":{"line":85,"column":5}},"19":{"start":{"line":84,"column":6},"end":{"line":84,"column":92}},"20":{"start":{"line":88,"column":4},"end":{"line":90,"column":5}},"21":{"start":{"line":89,"column":6},"end":{"line":89,"column":81}},"22":{"start":{"line":92,"column":4},"end":{"line":98,"column":7}},"23":{"start":{"line":102,"column":20},"end":{"line":104,"column":6}},"24":{"start":{"line":106,"column":4},"end":{"line":108,"column":5}},"25":{"start":{"line":107,"column":6},"end":{"line":107,"column":43}},"26":{"start":{"line":110,"column":4},"end":{"line":112,"column":5}},"27":{"start":{"line":111,"column":6},"end":{"line":111,"column":74}},"28":{"start":{"line":114,"column":4},"end":{"line":120,"column":7}},"29":{"start":{"line":124,"column":20},"end":{"line":126,"column":6}},"30":{"start":{"line":128,"column":4},"end":{"line":130,"column":5}},"31":{"start":{"line":129,"column":6},"end":{"line":129,"column":59}},"32":{"start":{"line":132,"column":4},"end":{"line":134,"column":5}},"33":{"start":{"line":133,"column":6},"end":{"line":133,"column":84}},"34":{"start":{"line":136,"column":4},"end":{"line":141,"column":7}},"35":{"start":{"line":5,"column":13},"end":{"line":5,"column":28}},"36":{"start":{"line":5,"column":13},"end":{"line":143,"column":null}}},"fnMap":{"0":{"name":"(anonymous_2)","decl":{"start":{"line":6,"column":2},"end":{"line":6,"column":22}},"loc":{"start":{"line":6,"column":43},"end":{"line":6,"column":48}}},"1":{"name":"(anonymous_3)","decl":{"start":{"line":8,"column":2},"end":{"line":8,"column":7}},"loc":{"start":{"line":8,"column":30},"end":{"line":12,"column":3}}},"2":{"name":"(anonymous_4)","decl":{"start":{"line":14,"column":2},"end":{"line":14,"column":7}},"loc":{"start":{"line":14,"column":41},"end":{"line":35,"column":3}}},"3":{"name":"(anonymous_5)","decl":{"start":{"line":37,"column":2},"end":{"line":37,"column":7}},"loc":{"start":{"line":44,"column":3},"end":{"line":61,"column":3}}},"4":{"name":"(anonymous_6)","decl":{"start":{"line":63,"column":2},"end":{"line":63,"column":7}},"loc":{"start":{"line":73,"column":5},"end":{"line":99,"column":3}}},"5":{"name":"(anonymous_7)","decl":{"start":{"line":101,"column":2},"end":{"line":101,"column":7}},"loc":{"start":{"line":101,"column":50},"end":{"line":121,"column":3}}},"6":{"name":"(anonymous_8)","decl":{"start":{"line":123,"column":2},"end":{"line":123,"column":7}},"loc":{"start":{"line":123,"column":41},"end":{"line":142,"column":3}}}},"branchMap":{"0":{"loc":{"start":{"line":19,"column":4},"end":{"line":21,"column":5}},"type":"if","locations":[{"start":{"line":19,"column":4},"end":{"line":21,"column":5}},{"start":{},"end":{}}]},"1":{"loc":{"start":{"line":19,"column":8},"end":{"line":19,"column":45}},"type":"binary-expr","locations":[{"start":{"line":19,"column":8},"end":{"line":19,"column":16}},{"start":{"line":19,"column":20},"end":{"line":19,"column":45}}]},"2":{"loc":{"start":{"line":24,"column":4},"end":{"line":30,"column":5}},"type":"if","locations":[{"start":{"line":24,"column":4},"end":{"line":30,"column":5}},{"start":{},"end":{}}]},"3":{"loc":{"start":{"line":25,"column":6},"end":{"line":27,"column":45}},"type":"binary-expr","locations":[{"start":{"line":25,"column":6},"end":{"line":25,"column":32}},{"start":{"line":26,"column":6},"end":{"line":26,"column":35}},{"start":{"line":27,"column":6},"end":{"line":27,"column":45}}]},"4":{"loc":{"start":{"line":46,"column":25},"end":{"line":46,"column":47}},"type":"binary-expr","locations":[{"start":{"line":46,"column":25},"end":{"line":46,"column":36}},{"start":{"line":46,"column":40},"end":{"line":46,"column":47}}]},"5":{"loc":{"start":{"line":47,"column":4},"end":{"line":49,"column":5}},"type":"if","locations":[{"start":{"line":47,"column":4},"end":{"line":49,"column":5}},{"start":{},"end":{}}]},"6":{"loc":{"start":{"line":47,"column":8},"end":{"line":47,"column":64}},"type":"binary-expr","locations":[{"start":{"line":47,"column":8},"end":{"line":47,"column":32}},{"start":{"line":47,"column":36},"end":{"line":47,"column":64}}]},"7":{"loc":{"start":{"line":79,"column":4},"end":{"line":81,"column":5}},"type":"if","locations":[{"start":{"line":79,"column":4},"end":{"line":81,"column":5}},{"start":{},"end":{}}]},"8":{"loc":{"start":{"line":79,"column":8},"end":{"line":79,"column":45}},"type":"binary-expr","locations":[{"start":{"line":79,"column":8},"end":{"line":79,"column":16}},{"start":{"line":79,"column":20},"end":{"line":79,"column":45}}]},"9":{"loc":{"start":{"line":83,"column":4},"end":{"line":85,"column":5}},"type":"if","locations":[{"start":{"line":83,"column":4},"end":{"line":85,"column":5}},{"start":{},"end":{}}]},"10":{"loc":{"start":{"line":83,"column":8},"end":{"line":83,"column":77}},"type":"binary-expr","locations":[{"start":{"line":83,"column":8},"end":{"line":83,"column":34}},{"start":{"line":83,"column":38},"end":{"line":83,"column":77}}]},"11":{"loc":{"start":{"line":88,"column":4},"end":{"line":90,"column":5}},"type":"if","locations":[{"start":{"line":88,"column":4},"end":{"line":90,"column":5}},{"start":{},"end":{}}]},"12":{"loc":{"start":{"line":88,"column":8},"end":{"line":88,"column":77}},"type":"binary-expr","locations":[{"start":{"line":88,"column":8},"end":{"line":88,"column":19}},{"start":{"line":88,"column":23},"end":{"line":88,"column":46}},{"start":{"line":88,"column":50},"end":{"line":88,"column":77}}]},"13":{"loc":{"start":{"line":96,"column":14},"end":{"line":96,"column":57}},"type":"cond-expr","locations":[{"start":{"line":96,"column":26},"end":{"line":96,"column":45}},{"start":{"line":96,"column":48},"end":{"line":96,"column":57}}]},"14":{"loc":{"start":{"line":106,"column":4},"end":{"line":108,"column":5}},"type":"if","locations":[{"start":{"line":106,"column":4},"end":{"line":108,"column":5}},{"start":{},"end":{}}]},"15":{"loc":{"start":{"line":110,"column":4},"end":{"line":112,"column":5}},"type":"if","locations":[{"start":{"line":110,"column":4},"end":{"line":112,"column":5}},{"start":{},"end":{}}]},"16":{"loc":{"start":{"line":128,"column":4},"end":{"line":130,"column":5}},"type":"if","locations":[{"start":{"line":128,"column":4},"end":{"line":130,"column":5}},{"start":{},"end":{}}]},"17":{"loc":{"start":{"line":128,"column":8},"end":{"line":128,"column":45}},"type":"binary-expr","locations":[{"start":{"line":128,"column":8},"end":{"line":128,"column":16}},{"start":{"line":128,"column":20},"end":{"line":128,"column":45}}]},"18":{"loc":{"start":{"line":132,"column":4},"end":{"line":134,"column":5}},"type":"if","locations":[{"start":{"line":132,"column":4},"end":{"line":134,"column":5}},{"start":{},"end":{}}]},"19":{"loc":{"start":{"line":132,"column":8},"end":{"line":132,"column":77}},"type":"binary-expr","locations":[{"start":{"line":132,"column":8},"end":{"line":132,"column":34}},{"start":{"line":132,"column":38},"end":{"line":132,"column":77}}]},"20":{"loc":{"start":{"line":6,"column":30},"end":{"line":6,"column":47}},"type":"cond-expr","locations":[{"start":{"line":6,"column":43},"end":{"line":6,"column":47}},{"start":{"line":6,"column":43},"end":{"line":6,"column":47}}]},"21":{"loc":{"start":{"line":6,"column":30},"end":{"line":6,"column":43}},"type":"binary-expr","locations":[{"start":{"line":6,"column":30},"end":{"line":6,"column":47}},{"start":{"line":6,"column":30},"end":{"line":6,"column":43}}]}},"s":{"0":2,"1":2,"2":2,"3":25,"4":1,"5":6,"6":6,"7":1,"8":5,"9":2,"10":3,"11":4,"12":4,"13":1,"14":3,"15":6,"16":6,"17":1,"18":5,"19":1,"20":4,"21":1,"22":3,"23":2,"24":2,"25":0,"26":2,"27":1,"28":1,"29":5,"30":5,"31":1,"32":4,"33":2,"34":2,"35":2,"36":2},"f":{"0":25,"1":1,"2":6,"3":4,"4":6,"5":2,"6":5},"b":{"0":[1,5],"1":[6,5],"2":[2,3],"3":[5,4,3],"4":[4,3],"5":[1,3],"6":[4,1],"7":[1,5],"8":[6,5],"9":[1,4],"10":[5,2],"11":[1,3],"12":[4,1,1],"13":[1,2],"14":[0,2],"15":[1,1],"16":[1,4],"17":[5,5],"18":[2,2],"19":[4,3],"20":[2,0],"21":[2,2]}}
,"C:\\dev\\note-de-frais\\server\\src\\ollama\\ollama.service.ts": {"path":"C:\\dev\\note-de-frais\\server\\src\\ollama\\ollama.service.ts","statementMap":{"0":{"start":{"line":1,"column":0},"end":{"line":1,"column":52}},"1":{"start":{"line":2,"column":0},"end":{"line":2,"column":28}},"2":{"start":{"line":3,"column":0},"end":{"line":3,"column":34}},"3":{"start":{"line":13,"column":26},"end":{"line":95,"column":null}},"4":{"start":{"line":14,"column":30},"end":{"line":14,"column":60}},"5":{"start":{"line":15,"column":29},"end":{"line":15,"column":42}},"6":{"start":{"line":18,"column":8},"end":{"line":84,"column":9}},"7":{"start":{"line":19,"column":12},"end":{"line":19,"column":87}},"8":{"start":{"line":21,"column":32},"end":{"line":21,"column":54}},"9":{"start":{"line":22,"column":32},"end":{"line":22,"column":62}},"10":{"start":{"line":26,"column":31},"end":{"line":43,"column":14}},"11":{"start":{"line":45,"column":12},"end":{"line":45,"column":109}},"12":{"start":{"line":47,"column":29},"end":{"line":58,"column":14}},"13":{"start":{"line":60,"column":12},"end":{"line":60,"column":73}},"14":{"start":{"line":61,"column":12},"end":{"line":61,"column":84}},"15":{"start":{"line":65,"column":31},"end":{"line":65,"column":78}},"16":{"start":{"line":67,"column":12},"end":{"line":71,"column":14}},"17":{"start":{"line":74,"column":12},"end":{"line":74,"column":70}},"18":{"start":{"line":75,"column":12},"end":{"line":81,"column":13}},"19":{"start":{"line":76,"column":16},"end":{"line":76,"column":69}},"20":{"start":{"line":77,"column":16},"end":{"line":77,"column":65}},"21":{"start":{"line":78,"column":16},"end":{"line":80,"column":17}},"22":{"start":{"line":79,"column":20},"end":{"line":79,"column":103}},"23":{"start":{"line":82,"column":12},"end":{"line":82,"column":86}},"24":{"start":{"line":83,"column":12},"end":{"line":83,"column":24}},"25":{"start":{"line":88,"column":8},"end":{"line":93,"column":9}},"26":{"start":{"line":89,"column":12},"end":{"line":89,"column":32}},"27":{"start":{"line":90,"column":12},"end":{"line":90,"column":24}},"28":{"start":{"line":92,"column":12},"end":{"line":92,"column":25}},"29":{"start":{"line":13,"column":13},"end":{"line":13,"column":26}},"30":{"start":{"line":13,"column":13},"end":{"line":95,"column":null}}},"fnMap":{"0":{"name":"(anonymous_2)","decl":{"start":{"line":17,"column":4},"end":{"line":17,"column":9}},"loc":{"start":{"line":17,"column":41},"end":{"line":85,"column":5}}},"1":{"name":"(anonymous_3)","decl":{"start":{"line":87,"column":4},"end":{"line":87,"column":9}},"loc":{"start":{"line":87,"column":19},"end":{"line":94,"column":5}}}},"branchMap":{"0":{"loc":{"start":{"line":75,"column":12},"end":{"line":81,"column":13}},"type":"if","locations":[{"start":{"line":75,"column":12},"end":{"line":81,"column":13}},{"start":{},"end":{}}]},"1":{"loc":{"start":{"line":78,"column":16},"end":{"line":80,"column":17}},"type":"if","locations":[{"start":{"line":78,"column":16},"end":{"line":80,"column":17}},{"start":{},"end":{}}]}},"s":{"0":2,"1":2,"2":2,"3":2,"4":7,"5":7,"6":4,"7":4,"8":4,"9":4,"10":4,"11":4,"12":4,"13":2,"14":2,"15":2,"16":1,"17":3,"18":3,"19":3,"20":3,"21":3,"22":1,"23":3,"24":3,"25":2,"26":2,"27":1,"28":1,"29":2,"30":2},"f":{"0":4,"1":2},"b":{"0":[3,0],"1":[1,2]}}
,"C:\\dev\\note-de-frais\\server\\src\\prisma\\prisma.service.ts": {"path":"C:\\dev\\note-de-frais\\server\\src\\prisma\\prisma.service.ts","statementMap":{"0":{"start":{"line":1,"column":0},"end":{"line":1,"column":58}},"1":{"start":{"line":2,"column":0},"end":{"line":2,"column":46}},"2":{"start":{"line":3,"column":0},"end":{"line":3,"column":26}},"3":{"start":{"line":4,"column":0},"end":{"line":4,"column":46}},"4":{"start":{"line":7,"column":7},"end":{"line":17,"column":null}},"5":{"start":{"line":9,"column":17},"end":{"line":9,"column":73}},"6":{"start":{"line":10,"column":20},"end":{"line":10,"column":38}},"7":{"start":{"line":11,"column":4},"end":{"line":11,"column":23}},"8":{"start":{"line":15,"column":4},"end":{"line":15,"column":26}},"9":{"start":{"line":7,"column":13},"end":{"line":7,"column":26}},"10":{"start":{"line":7,"column":13},"end":{"line":17,"column":null}}},"fnMap":{"0":{"name":"(anonymous_2)","decl":{"start":{"line":8,"column":2},"end":{"line":8,"column":null}},"loc":{"start":{"line":8,"column":2},"end":{"line":12,"column":3}}},"1":{"name":"(anonymous_3)","decl":{"start":{"line":14,"column":2},"end":{"line":14,"column":7}},"loc":{"start":{"line":14,"column":20},"end":{"line":16,"column":3}}}},"branchMap":{},"s":{"0":4,"1":4,"2":4,"3":4,"4":4,"5":2,"6":2,"7":2,"8":1,"9":4,"10":4},"f":{"0":2,"1":1},"b":{}}
,"C:\\dev\\note-de-frais\\server\\src\\test\\prisma-mock.ts": {"path":"C:\\dev\\note-de-frais\\server\\src\\test\\prisma-mock.ts","statementMap":{"0":{"start":{"line":2,"column":0},"end":{"line":2,"column":61}},"1":{"start":{"line":6,"column":32},"end":{"line":6,"column":62}},"2":{"start":{"line":6,"column":38},"end":{"line":6,"column":62}},"3":{"start":{"line":6,"column":13},"end":{"line":6,"column":32}}},"fnMap":{"0":{"name":"(anonymous_0)","decl":{"start":{"line":6,"column":32},"end":{"line":6,"column":35}},"loc":{"start":{"line":6,"column":38},"end":{"line":6,"column":62}}}},"branchMap":{},"s":{"0":2,"1":2,"2":33,"3":2},"f":{"0":33},"b":{}}
,"C:\\dev\\note-de-frais\\server\\src\\test\\uuid-mock.js": {"path":"C:\\dev\\note-de-frais\\server\\src\\test\\uuid-mock.js","statementMap":{"0":{"start":{"line":1,"column":0},"end":{"line":3,"column":2}},"1":{"start":{"line":2,"column":12},"end":{"line":2,"column":23}}},"fnMap":{"0":{"name":"(anonymous_0)","decl":{"start":{"line":2,"column":6},"end":{"line":2,"column":9}},"loc":{"start":{"line":2,"column":12},"end":{"line":2,"column":23}}}},"branchMap":{},"s":{"0":1,"1":0},"f":{"0":0},"b":{}}
}
