TN:
SF:src\app.controller.ts
FN:6,(anonymous_2)
FN:9,(anonymous_3)
FNF:2
FNH:2
FNDA:1,(anonymous_2)
FNDA:1,(anonymous_3)
DA:1,1
DA:2,1
DA:5,1
DA:6,1
DA:9,1
DA:10,1
LF:6
LH:6
BRDA:6,0,0,1
BRDA:6,0,1,0
BRDA:6,1,0,1
BRDA:6,1,1,1
BRF:4
BRH:3
end_of_record
TN:
SF:src\app.service.ts
FN:5,(anonymous_1)
FNF:1
FNH:1
FNDA:1,(anonymous_1)
DA:1,1
DA:4,1
DA:6,1
LF:3
LH:3
BRF:0
BRH:0
end_of_record
TN:
SF:src\auth\auth.controller.ts
FN:6,(anonymous_4)
FN:9,(anonymous_5)
FNF:2
FNH:2
FNDA:8,(anonymous_4)
FNDA:9,(anonymous_5)
DA:1,1
DA:2,1
DA:5,1
DA:6,8
DA:9,1
DA:11,9
DA:15,9
DA:17,3
DA:26,9
LF:9
LH:9
BRDA:15,0,0,3
BRDA:15,0,1,6
BRDA:6,1,0,1
BRDA:6,1,1,0
BRDA:6,2,0,1
BRDA:6,2,1,1
BRF:6
BRH:5
end_of_record
TN:
SF:src\expenses\expenses.controller.ts
FN:24,(anonymous_4)
FN:50,(anonymous_5)
FN:64,(anonymous_6)
FN:93,(anonymous_7)
FN:115,(anonymous_8)
FN:123,(anonymous_9)
FN:131,(anonymous_10)
FN:142,(anonymous_11)
FN:34,(anonymous_12)
FN:39,(anonymous_13)
FN:77,(anonymous_14)
FN:82,(anonymous_15)
FNF:12
FNH:8
FNDA:17,(anonymous_4)
FNDA:2,(anonymous_5)
FNDA:3,(anonymous_6)
FNDA:3,(anonymous_7)
FNDA:2,(anonymous_8)
FNDA:2,(anonymous_9)
FNDA:2,(anonymous_10)
FNDA:2,(anonymous_11)
FNDA:0,(anonymous_12)
FNDA:0,(anonymous_13)
FNDA:0,(anonymous_14)
FNDA:0,(anonymous_15)
DA:1,1
DA:15,1
DA:16,1
DA:17,1
DA:18,1
DA:19,1
DA:20,1
DA:23,1
DA:25,17
DA:26,17
DA:35,0
DA:36,0
DA:40,0
DA:41,0
DA:43,0
DA:50,1
DA:51,2
DA:52,1
DA:55,1
DA:57,1
DA:64,1
DA:65,3
DA:66,3
DA:67,1
DA:69,2
DA:78,0
DA:79,0
DA:83,0
DA:84,0
DA:86,0
DA:93,1
DA:98,3
DA:99,1
DA:102,2
DA:104,2
DA:115,1
DA:116,2
DA:117,1
DA:119,1
DA:123,1
DA:124,2
DA:125,1
DA:127,1
DA:131,1
DA:135,2
DA:136,1
DA:138,1
DA:142,1
DA:155,2
DA:156,1
DA:159,1
DA:161,1
LF:52
LH:42
BRDA:51,0,0,1
BRDA:51,0,1,1
BRDA:65,1,0,1
BRDA:65,1,1,2
BRDA:66,2,0,1
BRDA:66,2,1,2
BRDA:98,3,0,1
BRDA:98,3,1,2
BRDA:102,4,0,1
BRDA:102,4,1,1
BRDA:116,5,0,1
BRDA:116,5,1,1
BRDA:124,6,0,1
BRDA:124,6,1,1
BRDA:135,7,0,1
BRDA:135,7,1,1
BRDA:155,8,0,1
BRDA:155,8,1,1
BRDA:40,9,0,0
BRDA:40,9,1,0
BRDA:50,10,0,0
BRDA:50,10,1,1
BRDA:50,11,0,1
BRDA:50,11,1,0
BRDA:50,11,2,0
BRDA:83,12,0,0
BRDA:83,12,1,0
BRDA:94,13,0,0
BRDA:94,13,1,1
BRDA:94,14,0,1
BRDA:94,14,1,0
BRDA:94,14,2,0
BRDA:25,15,0,1
BRDA:25,15,1,0
BRDA:25,16,0,1
BRDA:25,16,1,1
BRDA:25,17,0,1
BRDA:25,17,1,0
BRDA:25,18,0,1
BRDA:25,18,1,1
BRF:40
BRH:28
end_of_record
TN:
SF:src\expenses\expenses.service.ts
FN:6,(anonymous_2)
FN:8,(anonymous_3)
FN:14,(anonymous_4)
FN:37,(anonymous_5)
FN:63,(anonymous_6)
FN:101,(anonymous_7)
FN:123,(anonymous_8)
FNF:7
FNH:7
FNDA:25,(anonymous_2)
FNDA:1,(anonymous_3)
FNDA:6,(anonymous_4)
FNDA:4,(anonymous_5)
FNDA:6,(anonymous_6)
FNDA:2,(anonymous_7)
FNDA:5,(anonymous_8)
DA:1,2
DA:2,2
DA:5,2
DA:6,25
DA:9,1
DA:15,6
DA:19,6
DA:20,1
DA:24,5
DA:29,2
DA:32,3
DA:46,4
DA:47,4
DA:48,1
DA:51,3
DA:75,6
DA:79,6
DA:80,1
DA:83,5
DA:84,1
DA:88,4
DA:89,1
DA:92,3
DA:102,2
DA:106,2
DA:107,0
DA:110,2
DA:111,1
DA:114,1
DA:124,5
DA:128,5
DA:129,1
DA:132,4
DA:133,2
DA:136,2
LF:35
LH:34
BRDA:19,0,0,1
BRDA:19,0,1,5
BRDA:19,1,0,6
BRDA:19,1,1,5
BRDA:24,2,0,2
BRDA:24,2,1,3
BRDA:25,3,0,5
BRDA:25,3,1,4
BRDA:25,3,2,3
BRDA:46,4,0,4
BRDA:46,4,1,3
BRDA:47,5,0,1
BRDA:47,5,1,3
BRDA:47,6,0,4
BRDA:47,6,1,1
BRDA:79,7,0,1
BRDA:79,7,1,5
BRDA:79,8,0,6
BRDA:79,8,1,5
BRDA:83,9,0,1
BRDA:83,9,1,4
BRDA:83,10,0,5
BRDA:83,10,1,2
BRDA:88,11,0,1
BRDA:88,11,1,3
BRDA:88,12,0,4
BRDA:88,12,1,1
BRDA:88,12,2,1
BRDA:96,13,0,1
BRDA:96,13,1,2
BRDA:106,14,0,0
BRDA:106,14,1,2
BRDA:110,15,0,1
BRDA:110,15,1,1
BRDA:128,16,0,1
BRDA:128,16,1,4
BRDA:128,17,0,5
BRDA:128,17,1,5
BRDA:132,18,0,2
BRDA:132,18,1,2
BRDA:132,19,0,4
BRDA:132,19,1,3
BRDA:6,20,0,2
BRDA:6,20,1,0
BRDA:6,21,0,2
BRDA:6,21,1,2
BRF:46
BRH:44
end_of_record
TN:
SF:src\ollama\ollama.service.ts
FN:17,(anonymous_2)
FN:87,(anonymous_3)
FNF:2
FNH:2
FNDA:4,(anonymous_2)
FNDA:2,(anonymous_3)
DA:1,2
DA:2,2
DA:3,2
DA:13,2
DA:14,7
DA:15,7
DA:18,4
DA:19,4
DA:21,4
DA:22,4
DA:26,4
DA:45,4
DA:47,4
DA:60,2
DA:61,2
DA:65,2
DA:67,1
DA:74,3
DA:75,3
DA:76,3
DA:77,3
DA:78,3
DA:79,1
DA:82,3
DA:83,3
DA:88,2
DA:89,2
DA:90,1
DA:92,1
LF:29
LH:29
BRDA:75,0,0,3
BRDA:75,0,1,0
BRDA:78,1,0,1
BRDA:78,1,1,2
BRF:4
BRH:3
end_of_record
TN:
SF:src\prisma\prisma.service.ts
FN:8,(anonymous_2)
FN:14,(anonymous_3)
FNF:2
FNH:2
FNDA:2,(anonymous_2)
FNDA:1,(anonymous_3)
DA:1,4
DA:2,4
DA:3,4
DA:4,4
DA:7,4
DA:9,2
DA:10,2
DA:11,2
DA:15,1
LF:9
LH:9
BRF:0
BRH:0
end_of_record
TN:
SF:src\test\prisma-mock.ts
FN:6,(anonymous_0)
FNF:1
FNH:1
FNDA:33,(anonymous_0)
DA:2,2
DA:6,33
LF:2
LH:2
BRF:0
BRH:0
end_of_record
TN:
SF:src\test\uuid-mock.js
FN:2,(anonymous_0)
FNF:1
FNH:0
FNDA:0,(anonymous_0)
DA:1,1
DA:2,0
LF:2
LH:1
BRF:0
BRH:0
end_of_record
